3b3-71441
aahri
aalisia
abree
abuddyho
acarroll
acolton
adrema
aeladio
aeorlund
afunctio
ahelper
ahollie
ajeanett
ajuliean
akasha
akenning
alatoyia
amanda
amaryam
ansnowbi
antraver
apetrell
apoison
asalvia
asamara
atawana
atomatoe
atristan
averdie
awanda
awerebea
awinifre
badele
balarm
bamarei
barya
bbennard
bconcha
bdorotha
bdorthy
bendou
bendrew
bfernand
bfredric
bhelliwe
bhortens
bhosea
blatoria
bleever
bludwig
bmargori
bmarjory
bmichale
bmilan
bnorine
bodysseu
border
bpatrica
bpennie
bpomona
bquinoa
broselee
brubye
bsalina
bteeny
bteodoro
buelois
bvargo
bverena
calderaa
calexand
cangelit
cantigon
cantiqua
cantoine
cariel
casubmar
cbach
ccracked
cdanette
cdarlene
cdionna
cdrennan
cdusti
cearly
ceccentr
cendehar
cerlich
cfuse
cgarth
cgeidi
chakon
chalina
charmon
chkrishn
chlorele
chsparro
cicarus
cignacio
cimyan
cjeanett
ckale
claure
clinwood
clorri
cmalt
cmarla
cmiquel
cmoody
cpaula
cquickbo
creginia
cruthie
csalvia
cspellsw
cterry
ctilda
ctora
cudran
cveeta
cwhites
dalbar
dbettye
dbolg
dbrittan
dbryanna
dcarmeli
dclay
dcolluph
ddeborah
ddespero
deddara
dflorent
dgambit
divory
dlynn
dmelissi
dpamula
drichman
dseinfel
dsylvia
eavery
ebessie
ecyrstal
edaena
edori
eduncan
egeonosi
eleonel
elovegoo
eneville
erubin
eshinkaw
etowelie
ewithers
ezdesper
fadele
faion
fanton
fchong
fdennise
fdesiato
ffrancie
fgeorgan
fhandsom
fkathryn
flavon
fmlkshk
fngoc
fprofit
froxanne
fspring
ftorn
fyadira
galcaire
gbears
gcorneli
gdoduo
gdougal
gdrake
geleanor
gflowers
ggollum
givana
glogan
glotus
glyman
gmarva
gmichell
gmilt
gprimeap
gredguar
grsyrup
gryella
gshira
gsundae
gtyesha
hanguy
hapryl
hballaba
hcammie
hetha
hgeorgia
hheimerd
hhoyl
hirri
hkilled
hnannie
hpink
hsachiko
hshei
hsnow
hvayne
hvernie
hyormwel
ifermina
igeorget
ilinn
imicah
itressa
iwate
jalvaro
jamory
jbasil
jbattles
jbeatris
jbilly
jcarrie
jcindie
jconcha
jcutjack
jdebora
jgerda
jgillian
jglossu
jground
jhind
jhyperio
jjenning
jjeremia
jkaron
jlennie
jlucian
jmayra
jmetallo
jmyrle
jnannie
jrebecka
jsteely
jsultana
jtyrande
jvanilla
jwillow
kalexand
kaurelio
kazell
kbill
kblackbe
kboyce
kcaraway
kcasey
kcorazon
kcraster
kdorthy
kerebus
kfatima
kgerdur
kgrafton
khank
kheard
khoster
kinterdi
kkelsie
kmichiko
knoree
koznak
kquentin
krarnis
kreina
kshaco
kshana
ksinistr
kwythers
larlena
lawilda
lbabara
lbert
lbolt
lbrandie
lcindy
letuffle
levensta
lgargale
lhawat
lirena
ljackely
ljanette
ljerrica
ljuana
llamprey
llemmiwi
lluceon
lmallado
lnoah
lnutt
loscar
lpressed
lqhorin
lrhona
lsoila
ltawanna
ltayna
ltygett
lvita
lweeper
malien
mamichae
matrus
maxell
mbobbi
mcandice
mchrissy
mdeep
mdude
mefrain
melias
melisha
memilio
meulalia
mfalena
mfoldes
mgengar
mgeorgen
mguitar
mhufflep
mjanuary
mjong
mjoramun
mklotz
mlarys
mleyla
mlonnie
mlothal
mmaisha
mmalvina
mmichael
mnatalia
mprostet
mrandell
mredtusk
mslartib
msommer
mtabitha
mterresa
mtimmy
mtwisted
mumber
muncle
musha
mvuente
nastoria
nbernita
nbrandi
ndacia
nealysan
nhollard
nilse
nkakuna
nmaria
nmaryann
nstacy
nsuperbo
ntoluvia
nvirgina
oadina
obelen
oborn
oferterb
oharmony
olaurine
olura
onorne
opetyr
otonks
ozienya
pandroma
pbuster
pcatrina
pclams
pcookies
pcorrino
pfile
phibbert
plashand
ploathso
ppidgeot
psanto
pseasoni
pstonear
ptommy
qclarice
qmarowak
qtamaril
rbooth
rbrogg
rcarey
rchalmer
rdarron
rdebra
reboni
reggplan
resther
rharmune
rhullen
rjellow
rjoella
rlightni
rlyanna
rmass
rnancee
rnoodles
rorton
rping
rrichie
rroland
rromana
rtakisha
rvoltigo
rwhisp
rwiggum
sabbie
sadolph
sbenfred
sbroderi
scarroll
scathery
scora
scross
scyberne
sdierdre
semelina
semery
severard
sfrederi
sgeorgia
sguitar
shancock
sharland
shecohen
shmastic
sholdo
sjake
sjakku
sjann
skarole
skurleke
slabels
slakeish
slashund
slavelle
slightho
slovella
smelissa
smillice
smyrtle
sorlando
spalpati
spepperm
spudding
srebecka
srisley
sronni
srubeus
ssabell
ssatan
sstacie
ssummers
ssumner
stitan
stumblr
svector
sviolett
swillife
syamymon
sysilla
szackary
tasha
tboomera
tclassie
tclaudin
tdeandre
telza
ternesti
tferguso
tforest
tgretche
thightow
tilda
tkori
tlamonic
tlydia
tmaster
trolf
tsecret
tstealy
tswain
ttarsha
uerma
ugarret
ulaine
uteena
utoomey
uwendel
vanell
vfeyd
vgalactu
vhertz
vjacob
vjohnson
vkedge
vkristy
vlatoya
vnasium
vprentic
vsundae
wbernita
wcapers
wcapital
wcharise
wchicken
wcoconut
wecharis
wgilbert
whooch
whung
whyman
wivysaur
wjarr
wlewis
wlicoric
wmilhous
wmorrow
wpearly
wpipe
wpotter
wrussell
wtahm
wtalisha
ykelsey
ywindy
zeagles
zgumble
zkerriga
zliam
zolivia
zskeeter
ztawanna
zwally
